<?xml version="1.0" encoding="UTF-8"?>
<!-- Generated by org.testng.reporters.JUnitReportReporter -->
<testsuite hostname="DESKTOP-F102QVL" failures="0" tests="2" name="testng.day1" time="0.007" errors="0" timestamp="2024-05-28T17:12:47 IST" skipped="0">
  <testcase classname="testng.day1" name="demo" time="0.006"/>
  <system-out/>
  <testcase classname="testng.day1" name="secondTest" time="0.001"/>
  <system-out/>
</testsuite> <!-- testng.day1 -->
